{
  "RSpec": {
    "coverage": {
      "/Users/Owner/Documents/Projects/bank/spec/account_spec.rb": [
        1,
        null,
        1,
        10,
        5,
        2,
        2,
        2,
        null,
        1,
        1,
        1,
        null,
        null,
        null,
        1,
        1,
        6,
        null,
        null,
        1,
        1,
        null,
        null,
        1,
        1,
        null,
        null,
        1,
        1,
        null,
        null,
        1,
        1,
        1,
        null,
        null,
        1,
        1,
        1,
        null,
        null,
        1,
        1,
        1,
        null,
        null,
        1,
        0,
        null,
        null,
        null,
        null,
        1,
        1,
        1,
        1,
        null,
        null,
        1,
        1,
        null,
        null,
        null,
        null
      ],
      "/Users/Owner/Documents/Projects/bank/lib/account.rb": [
        1,
        1,
        1,
        null,
        1,
        9,
        9,
        null,
        null,
        1,
        6,
        6,
        6,
        6,
        null,
        null,
        1,
        4,
        4,
        3,
        null,
        1,
        null,
        4,
        4,
        null,
        null,
        1,
        1,
        null,
        null,
        null,
        1,
        1,
        6,
        6,
        6,
        6,
        6,
        null,
        null,
        1,
        4,
        4,
        4,
        4,
        4,
        null,
        null,
        1,
        null,
        null,
        null,
        null
      ]
    },
    "timestamp": 1497276162
  }
}
